<?xml version="1.0" encoding="UTF-8"?>
<!-- Generated by org.testng.reporters.JUnitReportReporter -->
<testsuite skipped="0" hostname="LAPTOP-D2SI1UTG" name="Project.Sample.LaunchURLTest" tests="1" failures="0" timestamp="14 Jan 2021 19:29:15 GMT" time="0.008" errors="0">
  <testcase name="Test" time="0.008" classname="Project.Sample.LaunchURLTest"/>
</testsuite> <!-- Project.Sample.LaunchURLTest -->
