<?xml version="1.0" encoding="UTF-8"?>
<!-- Generated by org.testng.reporters.JUnitReportReporter -->
<testsuite skipped="0" hostname="LAPTOP-D2SI1UTG" name="Project.Sample.sampleTest" tests="1" failures="0" timestamp="10 Jan 2021 17:44:38 GMT" time="0.112" errors="0">
  <testcase name="Test" time="0.112" classname="Project.Sample.sampleTest"/>
</testsuite> <!-- Project.Sample.sampleTest -->
